<?xml version="1.0" encoding="UTF-8"?>
<!-- Generated by org.testng.reporters.JUnitReportReporter -->
<testsuite hostname="DESKTOP-RD24V25" failures="0" tests="3" name="org.testNG.LaunchBrowserWithSiute" time="7.180" errors="0" timestamp="13 Jul 2021 09:15:35 GMT" skipped="1">
  <testcase classname="org.testNG.LaunchBrowserWithSiute" name="googleWebsite" time="3.431"/>
  <testcase classname="org.testNG.LaunchBrowserWithSiute" name="bingWebsite" time="3.749"/>
  <testcase classname="org.testNG.LaunchBrowserWithSiute" name="yahooWebsite">
    <skipped/>
  </testcase> <!-- yahooWebsite -->
</testsuite> <!-- org.testNG.LaunchBrowserWithSiute -->
