<?xml version="1.0" encoding="UTF-8"?>
<!-- Generated by org.testng.reporters.JUnitReportReporter -->
<testsuite hostname="DESKTOP-RD24V25" failures="0" tests="1" name="dataDriven.Chumma" time="17.604" errors="0" timestamp="21 Jul 2021 10:07:22 GMT" skipped="0">
  <testcase classname="dataDriven.Chumma" name="tc01" time="17.604"/>
</testsuite> <!-- dataDriven.Chumma -->
