<?xml version="1.0" encoding="UTF-8"?>
<!-- Generated by org.testng.reporters.JUnitReportReporter -->
<testsuite hostname="DESKTOP-RD24V25" failures="0" tests="1" name="org.testNG.GroupingExample" time="0.012" errors="0" timestamp="14 Jul 2021 03:24:03 GMT" skipped="0">
  <testcase classname="org.testNG.GroupingExample" name="college" time="0.012"/>
</testsuite> <!-- org.testNG.GroupingExample -->
