<?xml version="1.0" encoding="UTF-8"?>
<!-- Generated by org.testng.reporters.JUnitReportReporter -->
<testsuite hostname="DESKTOP-RD24V25" failures="0" tests="1" name="org.testNG.TestNGBasics" time="0.009" errors="0" timestamp="13 Jul 2021 09:15:35 GMT" skipped="0">
  <testcase classname="org.testNG.TestNGBasics" name="test01" time="0.009"/>
</testsuite> <!-- org.testNG.TestNGBasics -->
