<?xml version="1.0" encoding="UTF-8"?>
<!-- Generated by org.testng.reporters.JUnitReportReporter -->
<testsuite hostname="DESKTOP-RD24V25" failures="0" tests="4" name="dataDriven.DataProviderExample" time="6.468" errors="0" timestamp="21 Jul 2021 14:14:37 GMT" skipped="0">
  <testcase classname="dataDriven.DataProviderExample" name="loginWithCorrectUsername" time="0.504"/>
  <testcase classname="dataDriven.DataProviderExample" name="loginWithCorrectUsername" time="4.689"/>
  <testcase classname="dataDriven.DataProviderExample" name="loginWithCorrectUsername" time="0.778"/>
  <testcase classname="dataDriven.DataProviderExample" name="loginWithCorrectUsername" time="0.497"/>
</testsuite> <!-- dataDriven.DataProviderExample -->
