<?xml version="1.0" encoding="UTF-8"?>
<!-- Generated by org.testng.reporters.JUnitReportReporter -->
<testsuite hostname="DESKTOP-RD24V25" failures="0" tests="1" name="dataDriven.CorrectPassword" time="15.015" errors="0" timestamp="17 Jul 2021 03:49:40 GMT" skipped="0">
  <testcase classname="dataDriven.CorrectPassword" name="loginWithCorrectPassword" time="15.015"/>
</testsuite> <!-- dataDriven.CorrectPassword -->
