<?xml version="1.0" encoding="UTF-8"?>
<!-- Generated by org.testng.reporters.JUnitReportReporter -->
<testsuite hostname="DESKTOP-RD24V25" failures="0" tests="1" name="org.testNG.parameterizationExample" time="17.707" errors="0" timestamp="14 Jul 2021 04:36:15 GMT" skipped="0">
  <testcase classname="org.testNG.parameterizationExample" name="fbLogin" time="17.707"/>
</testsuite> <!-- org.testNG.parameterizationExample -->
