<?xml version="1.0" encoding="UTF-8"?>
<!-- Generated by org.testng.reporters.JUnitReportReporter -->
<testsuite hostname="DESKTOP-RD24V25" failures="0" tests="1" name="org.automate.AutomateUsingJunit" time="0.012" errors="0" timestamp="09 Jul 2021 04:17:14 GMT" skipped="0">
  <testcase classname="org.automate.AutomateUsingJunit" name="tc01" time="0.012"/>
</testsuite> <!-- org.automate.AutomateUsingJunit -->
