<?xml version="1.0" encoding="UTF-8"?>
<!-- Generated by org.testng.reporters.JUnitReportReporter -->
<testsuite hostname="DESKTOP-RD24V25" failures="0" tests="1" name="dataDriven.ExcelRead" time="0.672" errors="0" timestamp="20 Jul 2021 05:01:19 GMT" skipped="0">
  <testcase classname="dataDriven.ExcelRead" name="ExcelReadUsingForLoop" time="0.672"/>
</testsuite> <!-- dataDriven.ExcelRead -->
