<?xml version="1.0" encoding="UTF-8"?>
<!-- Generated by org.testng.reporters.JUnitReportReporter -->
<testsuite hostname="DESKTOP-RD24V25" failures="0" tests="1" name="dataDriven.BothIncorrect" time="14.009" errors="0" timestamp="17 Jul 2021 03:49:40 GMT" skipped="0">
  <testcase classname="dataDriven.BothIncorrect" name="loginWithBothIncorrect" time="14.009"/>
</testsuite> <!-- dataDriven.BothIncorrect -->
